<?xml version="1.0" encoding="UTF-8"?>
<!-- Generated by org.testng.reporters.JUnitReportReporter -->
<testsuite skipped="0" hostname="ArunSE-PC" name="testngPractice.TC_001" tests="4" failures="0" timestamp="28 Aug 2019 14:17:01 GMT" time="5.902" errors="0">
  <testcase name="enterURL" time="5.893" classname="testngPractice.TC_001"/>
  <testcase name="verifyProduct" time="0.001" classname="testngPractice.TC_001"/>
  <testcase name="addToCart" time="0.006" classname="testngPractice.TC_001"/>
  <testcase name="searchProduct" time="0.002" classname="testngPractice.TC_001"/>
</testsuite> <!-- testngPractice.TC_001 -->
