<?xml version="1.0" encoding="UTF-8"?>
<!-- Generated by org.testng.reporters.JUnitReportReporter -->
<testsuite skipped="0" hostname="ArunSE-PC" name="mavenTestNG.TestNG" tests="5" failures="0" timestamp="22 Aug 2019 07:46:41 GMT" time="0.017" errors="0">
  <testcase name="enterURL" time="0.004" classname="mavenTestNG.TestNG"/>
  <testcase name="closeBrowser" time="0.007" classname="mavenTestNG.TestNG"/>
  <testcase name="searchProduct" time="0.002" classname="mavenTestNG.TestNG"/>
  <testcase name="verifyProduct" time="0.002" classname="mavenTestNG.TestNG"/>
  <testcase name="openbrowser" time="0.002" classname="mavenTestNG.TestNG"/>
</testsuite> <!-- mavenTestNG.TestNG -->
