<?xml version="1.0" encoding="UTF-8"?>
<!-- Generated by org.testng.reporters.JUnitReportReporter -->
<testsuite skipped="0" hostname="ArunSE-PC" name="seleniumConcepts.seleniumXpath" tests="1" failures="0" timestamp="09 Sep 2019 10:01:54 GMT" time="19.002" errors="0">
  <testcase name="googleTitleText" time="19.002" classname="seleniumConcepts.seleniumXpath"/>
</testsuite> <!-- seleniumConcepts.seleniumXpath -->
