<?xml version="1.0" encoding="UTF-8"?>
<!-- Generated by org.testng.reporters.JUnitReportReporter -->
<testsuite skipped="0" hostname="ArunSE-PC" name="mavenTestNG.LaunchBrsr" tests="1" failures="0" timestamp="22 Aug 2019 08:28:48 GMT" time="0.009" errors="0">
  <testcase name="searchprd" time="0.009" classname="mavenTestNG.LaunchBrsr"/>
</testsuite> <!-- mavenTestNG.LaunchBrsr -->
