<?xml version="1.0" encoding="UTF-8"?>
<!-- Generated by org.testng.reporters.JUnitReportReporter -->
<testsuite skipped="0" hostname="ArunSE-PC" name="mavenTestNG.TC_001" tests="2" failures="0" timestamp="24 Aug 2019 19:21:33 GMT" time="9.758" errors="0">
  <testcase name="searchProduct" time="0.002" classname="mavenTestNG.TC_001"/>
  <testcase name="enterURL" time="9.756" classname="mavenTestNG.TC_001"/>
</testsuite> <!-- mavenTestNG.TC_001 -->
