<?xml version="1.0" encoding="UTF-8"?>
<!-- Generated by org.testng.reporters.JUnitReportReporter -->
<testsuite skipped="0" hostname="ArunSE-PC" name="mavenTestNG.TestNG_priority" tests="4" failures="0" timestamp="22 Aug 2019 08:32:25 GMT" time="0.012" errors="0">
  <testcase name="enterURL" time="0.006" classname="mavenTestNG.TestNG_priority"/>
  <testcase name="searchProduct" time="0.002" classname="mavenTestNG.TestNG_priority"/>
  <testcase name="verifyProduct" time="0.001" classname="mavenTestNG.TestNG_priority"/>
  <testcase name="addToCart" time="0.003" classname="mavenTestNG.TestNG_priority"/>
</testsuite> <!-- mavenTestNG.TestNG_priority -->
