<?xml version="1.0" encoding="UTF-8"?>
<!-- Generated by org.testng.reporters.JUnitReportReporter -->
<testsuite skipped="0" hostname="ArunSE-PC" name="mavenTestNG.TestNG_basics" tests="4" failures="0" timestamp="22 Aug 2019 07:56:15 GMT" time="0.013" errors="0">
  <testcase name="addToCart" time="0.006" classname="mavenTestNG.TestNG_basics"/>
  <testcase name="enterURL" time="0.003" classname="mavenTestNG.TestNG_basics"/>
  <testcase name="searchProduct" time="0.002" classname="mavenTestNG.TestNG_basics"/>
  <testcase name="verifyProduct" time="0.002" classname="mavenTestNG.TestNG_basics"/>
</testsuite> <!-- mavenTestNG.TestNG_basics -->
