<?xml version="1.0" encoding="UTF-8"?>
<!-- Generated by org.testng.reporters.JUnitReportReporter -->
<testsuite skipped="0" hostname="ArunSE-PC" name="mavenTestNG.TestNG_DependsOn" tests="5" failures="0" timestamp="22 Aug 2019 08:38:39 GMT" time="0.016" errors="0">
  <testcase name="addToCart" time="0.002" classname="mavenTestNG.TestNG_DependsOn"/>
  <testcase name="getProdCount" time="0.006" classname="mavenTestNG.TestNG_DependsOn"/>
  <testcase name="enterURL" time="0.002" classname="mavenTestNG.TestNG_DependsOn"/>
  <testcase name="searchProduct" time="0.002" classname="mavenTestNG.TestNG_DependsOn"/>
  <testcase name="verifyProduct" time="0.004" classname="mavenTestNG.TestNG_DependsOn"/>
</testsuite> <!-- mavenTestNG.TestNG_DependsOn -->
