<?xml version="1.0" encoding="UTF-8"?>
<!-- Generated by org.testng.reporters.JUnitReportReporter -->
<testsuite skipped="0" hostname="ArunSE-PC" name="testngPractice.AssertPractice" tests="2" failures="0" timestamp="28 Aug 2019 14:17:01 GMT" time="20.591" errors="0">
  <testcase name="googleLogoTest" time="7.086" classname="testngPractice.AssertPractice"/>
  <testcase name="googleTitleText" time="13.505" classname="testngPractice.AssertPractice"/>
</testsuite> <!-- testngPractice.AssertPractice -->
