<?xml version="1.0" encoding="UTF-8"?>
<!-- Generated by org.testng.reporters.JUnitReportReporter -->
<testsuite skipped="0" hostname="ArunSE-PC" name="testngPractice.AssertPractice" tests="2" failures="0" timestamp="10 Sep 2019 08:12:06 GMT" time="0.130" errors="0">
  <testcase name="googleTitleText" time="0.010" classname="testngPractice.AssertPractice"/>
  <testcase name="googleLogoTest" time="0.120" classname="testngPractice.AssertPractice"/>
</testsuite> <!-- testngPractice.AssertPractice -->
