<?xml version="1.0" encoding="UTF-8"?>
<!-- Generated by org.testng.reporters.JUnitReportReporter -->
<testsuite skipped="0" hostname="ArunSE-PC" name="mavenTestNG.TC_002" tests="2" failures="0" timestamp="24 Aug 2019 19:21:33 GMT" time="9.839" errors="0">
  <testcase name="enterURL" time="9.837" classname="mavenTestNG.TC_002"/>
  <testcase name="searchProduct" time="0.002" classname="mavenTestNG.TC_002"/>
</testsuite> <!-- mavenTestNG.TC_002 -->
