<?xml version="1.0" encoding="UTF-8"?>
<!-- Generated by org.testng.reporters.JUnitReportReporter -->
<testsuite skipped="0" hostname="ArunSE-PC" name="mavenTestNG.TestNG_WebDriver" tests="1" failures="0" timestamp="26 Aug 2019 10:34:03 GMT" time="11.924" errors="0">
  <testcase name="googleGetTitle" time="11.924" classname="mavenTestNG.TestNG_WebDriver"/>
</testsuite> <!-- mavenTestNG.TestNG_WebDriver -->
