<?xml version="1.0" encoding="UTF-8"?>
<!-- Generated by org.testng.reporters.JUnitReportReporter -->
<testsuite skipped="0" hostname="ArunSE-PC" name="testngPractice.TC_001" tests="4" failures="0" timestamp="10 Sep 2019 08:12:06 GMT" time="5.826" errors="0">
  <testcase name="searchProduct" time="0.002" classname="testngPractice.TC_001"/>
  <testcase name="verifyProduct" time="0.005" classname="testngPractice.TC_001"/>
  <testcase name="addToCart" time="0.002" classname="testngPractice.TC_001"/>
  <testcase name="enterURL" time="5.817" classname="testngPractice.TC_001"/>
</testsuite> <!-- testngPractice.TC_001 -->
