<?xml version="1.0" encoding="UTF-8"?>
<!-- Generated by org.testng.reporters.JUnitReportReporter -->
<testsuite skipped="0" hostname="ArunSE-PC" name="testngPractice.TC_002" tests="4" failures="0" timestamp="28 Aug 2019 14:17:01 GMT" time="16.129" errors="0">
  <testcase name="addToCart" time="0.007" classname="testngPractice.TC_002"/>
  <testcase name="enterURL" time="16.118" classname="testngPractice.TC_002"/>
  <testcase name="verifyProduct" time="0.002" classname="testngPractice.TC_002"/>
  <testcase name="searchProduct" time="0.002" classname="testngPractice.TC_002"/>
</testsuite> <!-- testngPractice.TC_002 -->
