<?xml version="1.0" encoding="UTF-8"?>
<!-- Generated by org.testng.reporters.JUnitReportReporter -->
<testsuite skipped="0" hostname="ArunSE-PC" name="testngPractice.TC_002" tests="4" failures="0" timestamp="10 Sep 2019 08:12:06 GMT" time="16.743" errors="0">
  <testcase name="verifyProduct" time="0.009" classname="testngPractice.TC_002"/>
  <testcase name="searchProduct" time="0.002" classname="testngPractice.TC_002"/>
  <testcase name="enterURL" time="16.724" classname="testngPractice.TC_002"/>
  <testcase name="addToCart" time="0.008" classname="testngPractice.TC_002"/>
</testsuite> <!-- testngPractice.TC_002 -->
